2017-05-12 16:06:15,043 - µÇÂ¼²âÊÔ - ERROR - Ê§°ÜÔ­Òò£ºMessage: An element could not be located on the page using the given search parameters.

2017-05-12 16:07:06,712 - µÇÂ¼²âÊÔ - INFO - input data:name:leiziasd,pwd:li93423, suc:1,assert:µÇÂ¼
2017-05-12 16:07:56,722 - µÇÂ¼²âÊÔ - INFO - input data:name:,pwd:, suc:1,assert:µÇÂ¼
2017-05-12 16:08:49,296 - µÇÂ¼²âÊÔ - INFO - input data:name:,pwd:leizi, suc:1,assert:µÇÂ¼
2017-05-12 16:09:38,878 - µÇÂ¼²âÊÔ - INFO - input data:name:leizi,pwd:, suc:1,assert:µÇÂ¼
2017-05-12 16:10:33,105 - µÇÂ¼²âÊÔ - INFO - input data:name:lei zi,pwd:12, suc:1,assert:µÇÂ¼
2017-05-12 16:11:27,292 - µÇÂ¼²âÊÔ - INFO - input data:name:15964636199,pwd:li93042, suc:1,assert:µÇÂ¼
2017-05-12 16:12:23,171 - µÇÂ¼²âÊÔ - INFO - input data:name:111270002,pwd:li90423, suc:1,assert:µÇÂ¼
2017-05-12 16:13:20,551 - ×¢²á²âÊÔ - INFO - input data:name:,pwd:,yanzhengma: suc:1,assert:Á¢¼´×¢²á
2017-05-12 16:13:20,552 - ×¢²á²âÊÔ - ERROR - Ê§°ÜÔ­Òò:None != 'Á¢¼´×¢²á' : fail resons:None !=Á¢¼´×¢²á
2017-05-12 16:14:19,869 - ×¢²á²âÊÔ - INFO - input data:name:15964636199,pwd:li123235,yanzhengma:11 suc:1,assert:Á¢¼´×¢²á
2017-05-12 16:14:20,869 - ×¢²á²âÊÔ - ERROR - Ê§°ÜÔ­Òò:None != 'Á¢¼´×¢²á' : fail resons:None !=Á¢¼´×¢²á
2017-05-12 16:15:20,051 - ×¢²á²âÊÔ - INFO - input data:name:15964,pwd:li123235,yanzhengma:11 suc:1,assert:Á¢¼´×¢²á
2017-05-12 16:15:21,051 - ×¢²á²âÊÔ - ERROR - Ê§°ÜÔ­Òò:None != 'Á¢¼´×¢²á' : fail resons:None !=Á¢¼´×¢²á
2017-05-12 16:16:18,328 - ×¢²á²âÊÔ - INFO - input data:name:li,pwd:,yanzhengma: suc:1,assert:Á¢¼´×¢²á
2017-05-12 16:16:18,328 - ×¢²á²âÊÔ - ERROR - Ê§°ÜÔ­Òò:None != 'Á¢¼´×¢²á' : fail resons:None !=Á¢¼´×¢²á
2017-05-12 16:17:16,659 - ×¢²á²âÊÔ - INFO - input data:name:li,pwd:32,yanzhengma: suc:1,assert:Á¢¼´×¢²á
2017-05-12 16:17:16,659 - ×¢²á²âÊÔ - ERROR - Ê§°ÜÔ­Òò:None != 'Á¢¼´×¢²á' : fail resons:None !=Á¢¼´×¢²á
2017-05-12 16:18:18,221 - ×¢²á²âÊÔ - ERROR - Ê§°ÜÔ­Òò:None != 'Á¢¼´×¢²á' : fail resons:None !=Á¢¼´×¢²á
2017-05-12 16:19:19,159 - ×¢²á²âÊÔ - INFO - input data:name:li,pwd:li3325656326225565652,yanzhengma: suc:1,assert:Á¢¼´×¢²á
2017-05-12 16:19:19,160 - ×¢²á²âÊÔ - ERROR - Ê§°ÜÔ­Òò:None != 'Á¢¼´×¢²á' : fail resons:None !=Á¢¼´×¢²á
2017-05-12 16:20:18,727 - ×¢²á²âÊÔ - INFO - input data:name:li,pwd:56563265565652,yanzhengma: suc:1,assert:Á¢¼´×¢²á
2017-05-12 16:20:18,728 - ×¢²á²âÊÔ - ERROR - Ê§°ÜÔ­Òò:None != 'Á¢¼´×¢²á' : fail resons:None !=Á¢¼´×¢²á
2017-05-12 16:21:17,624 - ×¢²á²âÊÔ - INFO - input data:name:li,pwd:li123235,yanzhengma: suc:1,assert:Á¢¼´×¢²á
2017-05-12 16:21:17,625 - ×¢²á²âÊÔ - ERROR - Ê§°ÜÔ­Òò:None != 'Á¢¼´×¢²á' : fail resons:None !=Á¢¼´×¢²á
2017-05-12 16:22:16,731 - ×¢²á²âÊÔ - INFO - input data:name:li,pwd:li123235,yanzhengma:11 suc:1,assert:Á¢¼´×¢²á
2017-05-12 16:22:16,731 - ×¢²á²âÊÔ - ERROR - Ê§°ÜÔ­Òò:None != 'Á¢¼´×¢²á' : fail resons:None !=Á¢¼´×¢²á
2017-05-12 16:23:10,811 - ×¢²á²âÊÔ - ERROR - Ê§°ÜÔ­Òò:'str' object is not callable
